Arguments: 
  /Users/lorezz/.nvm/versions/node/v16.11.0/bin/node /opt/homebrew/Cellar/yarn/1.22.19/libexec/bin/yarn.js dev

PATH: 
  /Users/lorezz/.asdf/shims:/opt/homebrew/opt/asdf/libexec/bin:/Users/lorezz/.nvm/versions/node/v16.11.0/bin:/opt/homebrew/bin:/opt/homebrew/sbin:./bin/stubs:/Users/lorezz/Library/Android/sdk/tools:/Users/lorezz/Library/Android/sdk/platform-tools:/Library/Java/JavaVirtualMachines/jdk1.8.0_151.jdk/Contents/Home/bin:/opt/homebrew/opt/openjdk/bin:/usr/local/bin:/usr/local/sbin:/usr/local/bin:/usr/bin:/bin:/usr/sbin:/sbin:/usr/local/go/bin:/Library/Apple/usr/bin:/Users/lorezz/.local/bin

Yarn version: 
  1.22.19

Node version: 
  16.11.0

Platform: 
  darwin x64

Trace: 
  SyntaxError: /Users/lorezz/code/_remix/daily/package.json: Unexpected token } in JSON at position 324
      at JSON.parse (<anonymous>)
      at /opt/homebrew/Cellar/yarn/1.22.19/libexec/lib/cli.js:1629:59
      at Generator.next (<anonymous>)
      at step (/opt/homebrew/Cellar/yarn/1.22.19/libexec/lib/cli.js:310:30)
      at /opt/homebrew/Cellar/yarn/1.22.19/libexec/lib/cli.js:321:13

npm manifest: 
  {
    "private": true,
    "sideEffects": false,
    "scripts": {
      "build": "npm run build:css && remix build",
      "build:css": "tailwindcss -m -i ./styles/app.css -o app/styles/app.css",
      "dev": "concurrently \"npm run dev:css\" \"remix dev\"",
      "dev:css": "tailwindcss -w -i ./styles/app.css -o app/styles/app.css",
    },
    "dependencies": {
      "@remix-run/node": "^1.6.3",
      "@remix-run/react": "^1.6.3",
      "@remix-run/vercel": "^1.6.3",
      "@vercel/node": "^1.15.2",
      "react": "^17.0.2",
      "react-dom": "^17.0.2",
      "typescript": "^4"
    },
    "devDependencies": {
      "@remix-run/dev": "^1.6.3",
      "@remix-run/eslint-config": "^1.6.3",
      "@remix-run/serve": "^1.6.3",
      "autoprefixer": "^10.4.7",
      "concurrently": "^7.2.2",
      "eslint": "^8.15.0",
      "postcss": "^8.4.14",
      "tailwindcss": "^3.1.4"
    },
    "engines": {
      "node": ">=14"
    }
  }

yarn manifest: 
  No manifest

Lockfile: 
  No lockfile
